<?xml version="1.0" encoding="UTF-8"?>
<!-- Generated by org.testng.reporters.JUnitXMLReporter -->
<testsuite ignored="4" hostname="Priyas-MacBook-Air.local" failures="0" tests="6" name="Booking Tests" time="16.025" errors="0" timestamp="2026-07-13T01:06:09 IST">
  <testcase classname="tests.CreateBookingTest" name="createBooking" time="2.817"/>
  <testcase classname="tests.UpdateBookingTest" name="updateBooking" time="3.198"/>
  <testcase classname="tests.PartialUpdateTest" name="partialUpdateBooking" time="3.489"/>
  <testcase classname="tests.GetBookingTest" name="getBooking" time="1.659"/>
  <testcase classname="tests.DeleteBookingTest" name="deleteBooking" time="3.226"/>
  <testcase classname="tests.VerifyDeleteTest" name="verifyDeletebooking" time="1.618"/>
  <testcase classname="base.BaseTest" name="@BeforeSuite setup" time="0.0">
    <ignored/>
  </testcase> <!-- @BeforeSuite setup -->
  <testcase classname="base.BaseTest" name="@BeforeSuite setup" time="0.0">
    <ignored/>
  </testcase> <!-- @BeforeSuite setup -->
  <testcase classname="base.BaseTest" name="@BeforeSuite setup" time="0.0">
    <ignored/>
  </testcase> <!-- @BeforeSuite setup -->
  <testcase classname="base.BaseTest" name="@BeforeSuite setup" time="0.0">
    <ignored/>
  </testcase> <!-- @BeforeSuite setup -->
</testsuite> <!-- Booking Tests -->
