<?xml version="1.0" encoding="UTF-8"?>
<!-- Generated by org.testng.reporters.JUnitXMLReporter -->
<testsuite ignored="4" hostname="Priyas-MacBook-Air.local" failures="0" tests="6" name="CRUD Tests" time="16.125" errors="0" timestamp="2026-07-14T00:34:25 IST">
  <testcase classname="tests.CreateBookingTest" name="createBooking" time="2.793"/>
  <testcase classname="tests.UpdateBookingTest" name="updateBooking" time="3.22"/>
  <testcase classname="tests.PartialUpdateTest" name="partialUpdateBooking" time="3.264"/>
  <testcase classname="tests.GetBookingTest" name="getBooking" time="1.65"/>
  <testcase classname="tests.DeleteBookingTest" name="deleteBooking" time="3.543"/>
  <testcase classname="tests.VerifyDeleteTest" name="verifyDeletebooking" time="1.637"/>
  <testcase classname="base.BaseTest" name="@BeforeSuite setup" time="0.0">
    <ignored/>
  </testcase> <!-- @BeforeSuite setup -->
  <testcase classname="base.BaseTest" name="@BeforeSuite setup" time="0.0">
    <ignored/>
  </testcase> <!-- @BeforeSuite setup -->
  <testcase classname="base.BaseTest" name="@BeforeSuite setup" time="0.0">
    <ignored/>
  </testcase> <!-- @BeforeSuite setup -->
  <testcase classname="base.BaseTest" name="@BeforeSuite setup" time="0.0">
    <ignored/>
  </testcase> <!-- @BeforeSuite setup -->
</testsuite> <!-- CRUD Tests -->
