<?xml version="1.0" encoding="UTF-8"?>
<!-- Generated by org.testng.reporters.JUnitReportReporter -->
<testsuite hostname="Priyas-MacBook-Air.local" failures="0" tests="3" name="tests.CreateBookingDataProviderTest" time="5.961" errors="0" timestamp="2026-07-13T01:49:44 IST" skipped="0">
  <testcase classname="tests.CreateBookingDataProviderTest" name="createBooking" time="1.576"/>
  <system-out/>
  <testcase classname="tests.CreateBookingDataProviderTest" name="createBooking" time="1.562"/>
  <system-out/>
  <testcase classname="tests.CreateBookingDataProviderTest" name="createBooking" time="2.823"/>
  <system-out/>
</testsuite> <!-- tests.CreateBookingDataProviderTest -->
